<?xml version="1.0" encoding="UTF-8"?>
<testng-results ignored="0" total="1" passed="1" failed="0" skipped="0">
  <reporter-output>
  </reporter-output>
  <suite started-at="2022-07-29T15:19:02 IST" name="Default suite" finished-at="2022-07-29T15:19:07 IST" duration-ms="5389">
    <groups>
    </groups>
    <test started-at="2022-07-29T15:19:02 IST" name="Default test" finished-at="2022-07-29T15:19:07 IST" duration-ms="5389">
      <class name="com.brigelabz.RestAPI.Deserilization">
        <test-method signature="deserilization()[pri:0, instance:com.brigelabz.RestAPI.Deserilization@1f97cf0d]" started-at="2022-07-29T15:19:02 IST" name="deserilization" finished-at="2022-07-29T15:19:07 IST" duration-ms="5326" status="PASS">
          <reporter-output>
          </reporter-output>
        </test-method> <!-- deserilization -->
      </class> <!-- com.brigelabz.RestAPI.Deserilization -->
    </test> <!-- Default test -->
  </suite> <!-- Default suite -->
</testng-results>
