<?xml version="1.0" encoding="UTF-8"?>
<!-- Generated by org.testng.reporters.JUnitXMLReporter -->
<testsuite hostname="Praveens-MacBook-Air.local" ignored="1" name="Default test" tests="2" failures="0" timestamp="2022-09-27T13:31:28 IST" time="0.1" errors="0">
  <testcase name="test" time="0.013" classname="Test.LoginTest"/>
  <testcase name="test2" time="0.005" classname="Test.LoginTest"/>
  <testcase name="test3" time="0.0" classname="Test.LoginTest">
    <ignored/>
  </testcase> <!-- test3 -->
</testsuite> <!-- Default test -->
