<?xml version="1.0" encoding="UTF-8"?>
<!-- Generated by org.testng.reporters.JUnitXMLReporter -->
<testsuite ignored="0" hostname="Praveens-MacBook-Air.local" failures="0" tests="3" name="Default test" time="7.713" errors="0" timestamp="2022-07-27T14:23:37 IST">
  <testcase classname="com.brigelabz.SpotifyAPI.AppTest" name="getUserProfile" time="6.805"/>
  <testcase classname="com.brigelabz.SpotifyAPI.AppTest" name="getUserProfileWithID" time="0.382"/>
  <testcase classname="com.brigelabz.SpotifyAPI.AppTest" name="GetCurrentUserPlaylists" time="0.445"/>
</testsuite> <!-- Default test -->
