<?xml version="1.0" encoding="UTF-8"?>
<testng-results ignored="0" total="3" passed="3" failed="0" skipped="0">
  <reporter-output>
  </reporter-output>
  <suite started-at="2022-07-27T14:23:29 IST" name="Default suite" finished-at="2022-07-27T14:23:37 IST" duration-ms="7713">
    <groups>
    </groups>
    <test started-at="2022-07-27T14:23:29 IST" name="Default test" finished-at="2022-07-27T14:23:37 IST" duration-ms="7713">
      <class name="com.brigelabz.SpotifyAPI.AppTest">
        <test-method signature="getUserProfile()[pri:0, instance:com.brigelabz.SpotifyAPI.AppTest@d6e7bab]" started-at="2022-07-27T14:23:29 IST" name="getUserProfile" finished-at="2022-07-27T14:23:36 IST" duration-ms="6805" status="PASS">
          <reporter-output>
          </reporter-output>
        </test-method> <!-- getUserProfile -->
        <test-method signature="getUserProfileWithID()[pri:1, instance:com.brigelabz.SpotifyAPI.AppTest@d6e7bab]" started-at="2022-07-27T14:23:36 IST" name="getUserProfileWithID" finished-at="2022-07-27T14:23:37 IST" duration-ms="382" status="PASS">
          <reporter-output>
          </reporter-output>
        </test-method> <!-- getUserProfileWithID -->
        <test-method signature="GetCurrentUserPlaylists()[pri:2, instance:com.brigelabz.SpotifyAPI.AppTest@d6e7bab]" started-at="2022-07-27T14:23:37 IST" name="GetCurrentUserPlaylists" finished-at="2022-07-27T14:23:37 IST" duration-ms="445" status="PASS">
          <reporter-output>
          </reporter-output>
        </test-method> <!-- GetCurrentUserPlaylists -->
      </class> <!-- com.brigelabz.SpotifyAPI.AppTest -->
    </test> <!-- Default test -->
  </suite> <!-- Default suite -->
</testng-results>
